<?xml version="1.0" encoding="UTF-8"?>
<!-- Generated by org.testng.reporters.JUnitXMLReporter -->
<testsuite ignored="0" hostname="DESKTOP-OQSCL5N" failures="0" tests="1" name="Test-Runner 2" time="254.371" errors="0" timestamp="2022-11-08T12:15:15 IST">
  <testcase classname="vtiger.ContactTest.CreateContactWithOrganizationsTest" name="CreateContactWithOrganizationsTest" time="254.305"/>
</testsuite> <!-- Test-Runner 2 -->
