<?xml version="1.0" encoding="UTF-8"?>
<!-- Generated by org.testng.reporters.JUnitXMLReporter -->
<testsuite ignored="0" hostname="DESKTOP-OQSCL5N" failures="0" tests="4" name="Test-Runner 1" time="274.259" errors="0" timestamp="2022-11-08T12:15:35 IST">
  <testcase classname="vtiger.ContactTest.CreateContactTest" name="CreateContactTest" time="99.174"/>
  <testcase classname="vtiger.ContactTest.CreateContactTest" name="createContactDemo" time="0.003"/>
  <testcase classname="vtiger.ContactTest.CreateContactTest" name="createContactWithLeadSource" time="0.005"/>
  <testcase classname="vtiger.ContactTest.CreateContactTest" name="createContactWithLeadSourceAndOrg" time="0.002"/>
</testsuite> <!-- Test-Runner 1 -->
