<?xml version="1.0" encoding="UTF-8"?>
<!-- Generated by org.testng.reporters.JUnitXMLReporter -->
<testsuite ignored="0" hostname="DESKTOP-OQSCL5N" failures="0" tests="5" name="Test-Runner-firefox" time="488.656" errors="0" timestamp="2022-11-09T15:54:59 IST">
  <testcase classname="vitiger.GenericUtility.BaseClass" name="@BeforeTest bcConfig" time="-1.667989010799E9">
    <failure type="org.testng.TestNGException" message="
Can inject only one of &amp;lt;ITestContext, XmlTest&amp;gt; into a @BeforeTest annotated bcConfig.
For more information on native dependency injection please refer to https://testng.org/doc/documentation-main.html#native-dependency-injection">
      <![CDATA[org.testng.TestNGException: 
Can inject only one of <ITestContext, XmlTest> into a @BeforeTest annotated bcConfig.
For more information on native dependency injection please refer to https://testng.org/doc/documentation-main.html#native-dependency-injection
at java.base/java.util.concurrent.FutureTask.run(FutureTask.java:264)
at java.base/java.util.concurrent.ThreadPoolExecutor.runWorker(ThreadPoolExecutor.java:1136)
at java.base/java.util.concurrent.ThreadPoolExecutor$Worker.run(ThreadPoolExecutor.java:635)
at java.base/java.lang.Thread.run(Thread.java:833)
... Removed 12 stack frames]]>
    </failure>
  </testcase> <!-- @BeforeTest bcConfig -->
  <testcase classname="vitiger.GenericUtility.BaseClass" name="@BeforeMethod bmConfig" time="-1.667989010922E9">
    <skipped/>
  </testcase> <!-- @BeforeMethod bmConfig -->
  <testcase classname="vitiger.GenericUtility.BaseClass" name="@AfterMethod amConfig" time="-1.667989010953E9">
    <skipped/>
  </testcase> <!-- @AfterMethod amConfig -->
  <testcase classname="vitiger.GenericUtility.BaseClass" name="@BeforeMethod bmConfig" time="-1.667989010961E9">
    <skipped/>
  </testcase> <!-- @BeforeMethod bmConfig -->
  <testcase classname="vitiger.GenericUtility.BaseClass" name="@AfterMethod amConfig" time="-1.667989010985E9">
    <skipped/>
  </testcase> <!-- @AfterMethod amConfig -->
  <testcase classname="vitiger.GenericUtility.BaseClass" name="@BeforeMethod bmConfig" time="-1.667989011037E9">
    <skipped/>
  </testcase> <!-- @BeforeMethod bmConfig -->
  <testcase classname="vitiger.GenericUtility.BaseClass" name="@AfterMethod amConfig" time="-1.667989011065E9">
    <skipped/>
  </testcase> <!-- @AfterMethod amConfig -->
  <testcase classname="vitiger.GenericUtility.BaseClass" name="@BeforeMethod bmConfig" time="-1.667989011087E9">
    <skipped/>
  </testcase> <!-- @BeforeMethod bmConfig -->
  <testcase classname="vitiger.GenericUtility.BaseClass" name="@AfterMethod amConfig" time="-1.667989011102E9">
    <skipped/>
  </testcase> <!-- @AfterMethod amConfig -->
  <testcase classname="vitiger.GenericUtility.BaseClass" name="@AfterClass acConfig" time="-1.667989011124E9">
    <skipped/>
  </testcase> <!-- @AfterClass acConfig -->
  <testcase classname="vtiger.ContactTest.CreateContactTest" name="CreateContactTest" time="0.0">
    <skipped/>
  </testcase> <!-- CreateContactTest -->
  <testcase classname="vtiger.ContactTest.CreateContactTest" name="createContactDemo" time="0.0">
    <skipped/>
  </testcase> <!-- createContactDemo -->
  <testcase classname="vtiger.ContactTest.CreateContactTest" name="createContactWithLeadSource" time="0.0">
    <skipped/>
  </testcase> <!-- createContactWithLeadSource -->
  <testcase classname="vtiger.ContactTest.CreateContactTest" name="createContactWithLeadSourceAndOrg" time="0.0">
    <skipped/>
  </testcase> <!-- createContactWithLeadSourceAndOrg -->
  <testcase classname="vtiger.ContactTest.CreateContactWithOrganizationsTest" name="CreateContactWithOrganizationsTest" time="488.298"/>
</testsuite> <!-- Test-Runner-firefox -->
