<?xml version="1.0" encoding="UTF-8"?>
<!-- Generated by org.testng.reporters.JUnitReportReporter -->
<testsuite hostname="DESKTOP-OQSCL5N" failures="0" tests="1" name="vtiger.Practice.CreateConTest" time="0.020" errors="0" timestamp="2022-11-18T10:01:22 IST" skipped="0">
  <testcase classname="vtiger.Practice.CreateConTest" name="demo" time="0.020"/>
  <system-out/>
</testsuite> <!-- vtiger.Practice.CreateConTest -->
