<?xml version="1.0" encoding="UTF-8"?>
<!-- Generated by org.testng.reporters.JUnitReportReporter -->
<testsuite hostname="DESKTOP-OQSCL5N" failures="0" tests="3" name="vtiger.ContactTest.CreateContactTest" time="0.053" errors="0" timestamp="2022-11-25T12:09:00 IST" skipped="0">
  <testcase classname="vtiger.ContactTest.CreateContactTest" name="createContactDemo" time="0.045"/>
  <system-out>
    <![CDATA[demo test]]>
  </system-out>
  <testcase classname="vtiger.ContactTest.CreateContactTest" name="createContactWithLeadSource" time="0.005"/>
  <system-out>
    <![CDATA[Lead source]]>
  </system-out>
  <testcase classname="vtiger.ContactTest.CreateContactTest" name="createContactWithLeadSourceAndOrg" time="0.003"/>
  <system-out>
    <![CDATA[Lead source with org]]>
  </system-out>
</testsuite> <!-- vtiger.ContactTest.CreateContactTest -->
