<?xml version="1.0" encoding="UTF-8"?>
<!-- Generated by org.testng.reporters.JUnitReportReporter -->
<testsuite hostname="DESKTOP-OQSCL5N" failures="0" tests="1" name="vtiger.ContactTest.CreateContactWithOrganizationsTest" time="141.757" errors="0" timestamp="2022-11-25T12:09:00 IST" skipped="0">
  <testcase classname="vtiger.ContactTest.CreateContactWithOrganizationsTest" name="CreateContactWithOrganizationsTest" time="141.757"/>
  <system-out/>
</testsuite> <!-- vtiger.ContactTest.CreateContactWithOrganizationsTest -->
