<?xml version="1.0" encoding="UTF-8"?>
<!-- Generated by org.testng.reporters.JUnitReportReporter -->
<testsuite hostname="DESKTOP-OQSCL5N" failures="0" tests="1" name="vtiger.Practice.BaseClassPractice" time="0.011" errors="0" timestamp="2022-11-04T16:13:25 IST" skipped="0">
  <testcase classname="vtiger.Practice.BaseClassPractice" name="test1" time="0.011"/>
  <system-out/>
</testsuite> <!-- vtiger.Practice.BaseClassPractice -->
