<?xml version="1.0" encoding="UTF-8"?>
<!-- Generated by org.testng.reporters.JUnitReportReporter -->
<testsuite hostname="DESKTOP-OQSCL5N" failures="0" tests="7" name="vtiger.Practice.TestNGPractice" time="0.035" errors="0" timestamp="2022-11-02T11:29:16 IST" skipped="0">
  <testcase classname="vtiger.Practice.TestNGPractice" name="modifyContact" time="0.002"/>
  <system-out/>
  <testcase classname="vtiger.Practice.TestNGPractice" name="modifyContact" time="0.002"/>
  <system-out/>
  <testcase classname="vtiger.Practice.TestNGPractice" name="modifyContact" time="0.002"/>
  <system-out/>
  <testcase classname="vtiger.Practice.TestNGPractice" name="deleteContact" time="0.018"/>
  <system-out/>
  <testcase classname="vtiger.Practice.TestNGPractice" name="deleteContact" time="0.003"/>
  <system-out/>
  <testcase classname="vtiger.Practice.TestNGPractice" name="createContact" time="0.003"/>
  <system-out/>
  <testcase classname="vtiger.Practice.TestNGPractice" name="createContact" time="0.005"/>
  <system-out/>
</testsuite> <!-- vtiger.Practice.TestNGPractice -->
