<?xml version="1.0" encoding="UTF-8"?>
<!-- Generated by org.testng.reporters.JUnitReportReporter -->
<testsuite hostname="DESKTOP-OQSCL5N" failures="0" tests="1" name="vtiger.ContactTest.CreateContactWithOrganizationsTest" time="265.869" errors="0" timestamp="2022-11-28T12:41:56 IST" skipped="0">
  <testcase classname="vtiger.ContactTest.CreateContactWithOrganizationsTest" name="CreateContactWithOrganizationsTest" time="265.869"/>
  <system-out/>
</testsuite> <!-- vtiger.ContactTest.CreateContactWithOrganizationsTest -->
